Terminals unused in grammar

    TOKEN_ERROR


Grammar

    0 $accept: prog $end

    1 prog: prog TOKEN_ENDFILE
    2     | prog stmt
    3     | stmt

    4 stmt: add_stmt
    5     | sub_stmt
    6     | or_stmt
    7     | and_stmt
    8     | not_stmt
    9     | xor_stmt
   10     | cmp_stmt
   11     | rr_stmt
   12     | rl_stmt
   13     | branch_stmt
   14     | move_stmt
   15     | jump_stmt
   16     | load_stmt
   17     | store_stmt
   18     | reti_stmt
   19     | halt_stmt
   20     | nop_stmt
   21     | byte_stmt
   22     | word_stmt
   23     | alloc_stmt
   24     | org_stmt
   25     | equ_stmt
   26     | label

   27 add_stmt: TOKEN_ADD TOKEN_REG TOKEN_COMMA TOKEN_REG TOKEN_COMMA TOKEN_REG
   28         | TOKEN_ADD TOKEN_REG TOKEN_COMMA TOKEN_REG TOKEN_COMMA TOKEN_CARDINAL expression

   29 sub_stmt: TOKEN_SUB TOKEN_REG TOKEN_COMMA TOKEN_REG TOKEN_COMMA TOKEN_REG
   30         | TOKEN_SUB TOKEN_REG TOKEN_COMMA TOKEN_REG TOKEN_COMMA TOKEN_CARDINAL expression

   31 or_stmt: TOKEN_OR TOKEN_REG TOKEN_COMMA TOKEN_REG TOKEN_COMMA TOKEN_REG
   32        | TOKEN_OR TOKEN_REG TOKEN_COMMA TOKEN_REG TOKEN_COMMA TOKEN_CARDINAL expression

   33 and_stmt: TOKEN_AND TOKEN_REG TOKEN_COMMA TOKEN_REG TOKEN_COMMA TOKEN_REG
   34         | TOKEN_AND TOKEN_REG TOKEN_COMMA TOKEN_REG TOKEN_COMMA TOKEN_CARDINAL expression

   35 xor_stmt: TOKEN_XOR TOKEN_REG TOKEN_COMMA TOKEN_REG TOKEN_COMMA TOKEN_REG
   36         | TOKEN_XOR TOKEN_REG TOKEN_COMMA TOKEN_REG TOKEN_COMMA TOKEN_CARDINAL expression

   37 not_stmt: TOKEN_NOT TOKEN_REG TOKEN_COMMA TOKEN_REG
   38         | TOKEN_NOT TOKEN_REG TOKEN_COMMA TOKEN_CARDINAL expression

   39 cmp_stmt: TOKEN_CMP TOKEN_REG TOKEN_COMMA TOKEN_REG
   40         | TOKEN_CMP TOKEN_REG TOKEN_COMMA TOKEN_CARDINAL expression

   41 rr_stmt: TOKEN_RR TOKEN_REG TOKEN_COMMA TOKEN_REG TOKEN_COMMA TOKEN_REG
   42        | TOKEN_RR TOKEN_REG TOKEN_COMMA TOKEN_REG TOKEN_COMMA TOKEN_CARDINAL expression

   43 rl_stmt: TOKEN_RL TOKEN_REG TOKEN_COMMA TOKEN_REG TOKEN_COMMA TOKEN_REG
   44        | TOKEN_RL TOKEN_REG TOKEN_COMMA TOKEN_REG TOKEN_COMMA TOKEN_CARDINAL expression

   45 branch_stmt: TOKEN_BRANCH TOKEN_IDENTIFIER
   46            | TOKEN_BRANCH TOKEN_CARDINAL expression
   47            | TOKEN_BRANCH TOKEN_DOLLAR

   48 move_stmt: TOKEN_MOVE TOKEN_REG TOKEN_COMMA TOKEN_REG

   49 jump_stmt: TOKEN_JUMP TOKEN_REG TOKEN_COMMA TOKEN_CARDINAL expression
   50          | TOKEN_JUMP_LINK TOKEN_REG TOKEN_COMMA TOKEN_REG TOKEN_COMMA TOKEN_CARDINAL expression

   51 load_stmt: TOKEN_LOAD_DIRECT TOKEN_REG TOKEN_COMMA TOKEN_CARDINAL expression
   52          | TOKEN_LOAD_IMMEDIATE TOKEN_REG TOKEN_COMMA TOKEN_CARDINAL expression
   53          | TOKEN_LOAD_IMMEDIATE TOKEN_REG TOKEN_COMMA TOKEN_COLON TOKEN_IDENTIFIER
   54          | TOKEN_LOAD_INDEXED TOKEN_REG TOKEN_COMMA TOKEN_REG TOKEN_COMMA TOKEN_CARDINAL expression

   55 store_stmt: TOKEN_STORE_DIRECT TOKEN_REG TOKEN_COMMA TOKEN_CARDINAL expression
   56           | TOKEN_STORE_INDEXED TOKEN_REG TOKEN_COMMA TOKEN_REG TOKEN_COMMA TOKEN_CARDINAL expression

   57 reti_stmt: TOKEN_RETI

   58 halt_stmt: TOKEN_HALT

   59 nop_stmt: TOKEN_NOP

   60 byte_stmt: TOKEN_BYTE TOKEN_NUMBER

   61 word_stmt: TOKEN_WORD TOKEN_NUMBER

   62 alloc_stmt: TOKEN_ALLOC TOKEN_IDENTIFIER TOKEN_NUMBER

   63 org_stmt: TOKEN_ORG TOKEN_NUMBER

   64 equ_stmt: TOKEN_EQU TOKEN_IDENTIFIER TOKEN_COMMA expression

   65 label: TOKEN_IDENTIFIER TOKEN_COLON

   66 expression: TOKEN_LEFT_PAREN expression TOKEN_RIGHT_PAREN
   67           | expression TOKEN_PLUS expression
   68           | expression TOKEN_MINUS expression
   69           | TOKEN_PLUS TOKEN_NUMBER
   70           | TOKEN_MINUS TOKEN_NUMBER
   71           | TOKEN_NUMBER
   72           | TOKEN_IDENTIFIER


Terminals, with rules where they appear

    $end (0) 0
    error (256)
    TOKEN_ADD (258) 27 28
    TOKEN_SUB (259) 29 30
    TOKEN_OR (260) 31 32
    TOKEN_AND (261) 33 34
    TOKEN_NOT (262) 37 38
    TOKEN_XOR (263) 35 36
    TOKEN_CMP (264) 39 40
    TOKEN_RR (265) 41 42
    TOKEN_RL (266) 43 44
    TOKEN_BRANCH (267) 45 46 47
    TOKEN_JUMP (268) 49
    TOKEN_JUMP_LINK (269) 50
    TOKEN_MOVE (270) 48
    TOKEN_LOAD_DIRECT (271) 51
    TOKEN_LOAD_IMMEDIATE (272) 52 53
    TOKEN_LOAD_INDEXED (273) 54
    TOKEN_STORE_DIRECT (274) 55
    TOKEN_STORE_INDEXED (275) 56
    TOKEN_RETI (276) 57
    TOKEN_HALT (277) 58
    TOKEN_NOP (278) 59
    TOKEN_NUMBER (279) 60 61 62 63 69 70 71
    TOKEN_REG (280) 27 28 29 30 31 32 33 34 35 36 37 38 39 40 41 42 43 44 48 49 50 51 52 53 54 55 56
    TOKEN_IDENTIFIER (281) 45 53 62 64 65 72
    TOKEN_ENDFILE (282) 1
    TOKEN_ERROR (283)
    TOKEN_COMMA (284) 27 28 29 30 31 32 33 34 35 36 37 38 39 40 41 42 43 44 48 49 50 51 52 53 54 55 56 64
    TOKEN_CARDINAL (285) 28 30 32 34 36 38 40 42 44 46 49 50 51 52 54 55 56
    TOKEN_COLON (286) 53 65
    TOKEN_DOLLAR (287) 47
    TOKEN_BYTE (288) 60
    TOKEN_WORD (289) 61
    TOKEN_ALLOC (290) 62
    TOKEN_ORG (291) 63
    TOKEN_EQU (292) 64
    TOKEN_PLUS (293) 67 69
    TOKEN_MINUS (294) 68 70
    TOKEN_LEFT_PAREN (295) 66
    TOKEN_RIGHT_PAREN (296) 66


Nonterminals, with rules where they appear

    $accept (42)
        on left: 0
    prog (43)
        on left: 1 2 3
        on right: 0 1 2
    stmt (44)
        on left: 4 5 6 7 8 9 10 11 12 13 14 15 16 17 18 19 20 21 22 23 24 25 26
        on right: 2 3
    add_stmt (45)
        on left: 27 28
        on right: 4
    sub_stmt (46)
        on left: 29 30
        on right: 5
    or_stmt (47)
        on left: 31 32
        on right: 6
    and_stmt (48)
        on left: 33 34
        on right: 7
    xor_stmt (49)
        on left: 35 36
        on right: 9
    not_stmt (50)
        on left: 37 38
        on right: 8
    cmp_stmt (51)
        on left: 39 40
        on right: 10
    rr_stmt (52)
        on left: 41 42
        on right: 11
    rl_stmt (53)
        on left: 43 44
        on right: 12
    branch_stmt (54)
        on left: 45 46 47
        on right: 13
    move_stmt (55)
        on left: 48
        on right: 14
    jump_stmt (56)
        on left: 49 50
        on right: 15
    load_stmt (57)
        on left: 51 52 53 54
        on right: 16
    store_stmt (58)
        on left: 55 56
        on right: 17
    reti_stmt (59)
        on left: 57
        on right: 18
    halt_stmt (60)
        on left: 58
        on right: 19
    nop_stmt (61)
        on left: 59
        on right: 20
    byte_stmt (62)
        on left: 60
        on right: 21
    word_stmt (63)
        on left: 61
        on right: 22
    alloc_stmt (64)
        on left: 62
        on right: 23
    org_stmt (65)
        on left: 63
        on right: 24
    equ_stmt (66)
        on left: 64
        on right: 25
    label (67)
        on left: 65
        on right: 26
    expression (68)
        on left: 66 67 68 69 70 71 72
        on right: 28 30 32 34 36 38 40 42 44 46 49 50 51 52 54 55 56 64 66 67 68


State 0

    0 $accept: • prog $end

    TOKEN_ADD             shift, and go to state 1
    TOKEN_SUB             shift, and go to state 2
    TOKEN_OR              shift, and go to state 3
    TOKEN_AND             shift, and go to state 4
    TOKEN_NOT             shift, and go to state 5
    TOKEN_XOR             shift, and go to state 6
    TOKEN_CMP             shift, and go to state 7
    TOKEN_RR              shift, and go to state 8
    TOKEN_RL              shift, and go to state 9
    TOKEN_BRANCH          shift, and go to state 10
    TOKEN_JUMP            shift, and go to state 11
    TOKEN_JUMP_LINK       shift, and go to state 12
    TOKEN_MOVE            shift, and go to state 13
    TOKEN_LOAD_DIRECT     shift, and go to state 14
    TOKEN_LOAD_IMMEDIATE  shift, and go to state 15
    TOKEN_LOAD_INDEXED    shift, and go to state 16
    TOKEN_STORE_DIRECT    shift, and go to state 17
    TOKEN_STORE_INDEXED   shift, and go to state 18
    TOKEN_RETI            shift, and go to state 19
    TOKEN_HALT            shift, and go to state 20
    TOKEN_NOP             shift, and go to state 21
    TOKEN_IDENTIFIER      shift, and go to state 22
    TOKEN_BYTE            shift, and go to state 23
    TOKEN_WORD            shift, and go to state 24
    TOKEN_ALLOC           shift, and go to state 25
    TOKEN_ORG             shift, and go to state 26
    TOKEN_EQU             shift, and go to state 27

    prog         go to state 28
    stmt         go to state 29
    add_stmt     go to state 30
    sub_stmt     go to state 31
    or_stmt      go to state 32
    and_stmt     go to state 33
    xor_stmt     go to state 34
    not_stmt     go to state 35
    cmp_stmt     go to state 36
    rr_stmt      go to state 37
    rl_stmt      go to state 38
    branch_stmt  go to state 39
    move_stmt    go to state 40
    jump_stmt    go to state 41
    load_stmt    go to state 42
    store_stmt   go to state 43
    reti_stmt    go to state 44
    halt_stmt    go to state 45
    nop_stmt     go to state 46
    byte_stmt    go to state 47
    word_stmt    go to state 48
    alloc_stmt   go to state 49
    org_stmt     go to state 50
    equ_stmt     go to state 51
    label        go to state 52


State 1

   27 add_stmt: TOKEN_ADD • TOKEN_REG TOKEN_COMMA TOKEN_REG TOKEN_COMMA TOKEN_REG
   28         | TOKEN_ADD • TOKEN_REG TOKEN_COMMA TOKEN_REG TOKEN_COMMA TOKEN_CARDINAL expression

    TOKEN_REG  shift, and go to state 53


State 2

   29 sub_stmt: TOKEN_SUB • TOKEN_REG TOKEN_COMMA TOKEN_REG TOKEN_COMMA TOKEN_REG
   30         | TOKEN_SUB • TOKEN_REG TOKEN_COMMA TOKEN_REG TOKEN_COMMA TOKEN_CARDINAL expression

    TOKEN_REG  shift, and go to state 54


State 3

   31 or_stmt: TOKEN_OR • TOKEN_REG TOKEN_COMMA TOKEN_REG TOKEN_COMMA TOKEN_REG
   32        | TOKEN_OR • TOKEN_REG TOKEN_COMMA TOKEN_REG TOKEN_COMMA TOKEN_CARDINAL expression

    TOKEN_REG  shift, and go to state 55


State 4

   33 and_stmt: TOKEN_AND • TOKEN_REG TOKEN_COMMA TOKEN_REG TOKEN_COMMA TOKEN_REG
   34         | TOKEN_AND • TOKEN_REG TOKEN_COMMA TOKEN_REG TOKEN_COMMA TOKEN_CARDINAL expression

    TOKEN_REG  shift, and go to state 56


State 5

   37 not_stmt: TOKEN_NOT • TOKEN_REG TOKEN_COMMA TOKEN_REG
   38         | TOKEN_NOT • TOKEN_REG TOKEN_COMMA TOKEN_CARDINAL expression

    TOKEN_REG  shift, and go to state 57


State 6

   35 xor_stmt: TOKEN_XOR • TOKEN_REG TOKEN_COMMA TOKEN_REG TOKEN_COMMA TOKEN_REG
   36         | TOKEN_XOR • TOKEN_REG TOKEN_COMMA TOKEN_REG TOKEN_COMMA TOKEN_CARDINAL expression

    TOKEN_REG  shift, and go to state 58


State 7

   39 cmp_stmt: TOKEN_CMP • TOKEN_REG TOKEN_COMMA TOKEN_REG
   40         | TOKEN_CMP • TOKEN_REG TOKEN_COMMA TOKEN_CARDINAL expression

    TOKEN_REG  shift, and go to state 59


State 8

   41 rr_stmt: TOKEN_RR • TOKEN_REG TOKEN_COMMA TOKEN_REG TOKEN_COMMA TOKEN_REG
   42        | TOKEN_RR • TOKEN_REG TOKEN_COMMA TOKEN_REG TOKEN_COMMA TOKEN_CARDINAL expression

    TOKEN_REG  shift, and go to state 60


State 9

   43 rl_stmt: TOKEN_RL • TOKEN_REG TOKEN_COMMA TOKEN_REG TOKEN_COMMA TOKEN_REG
   44        | TOKEN_RL • TOKEN_REG TOKEN_COMMA TOKEN_REG TOKEN_COMMA TOKEN_CARDINAL expression

    TOKEN_REG  shift, and go to state 61


State 10

   45 branch_stmt: TOKEN_BRANCH • TOKEN_IDENTIFIER
   46            | TOKEN_BRANCH • TOKEN_CARDINAL expression
   47            | TOKEN_BRANCH • TOKEN_DOLLAR

    TOKEN_IDENTIFIER  shift, and go to state 62
    TOKEN_CARDINAL    shift, and go to state 63
    TOKEN_DOLLAR      shift, and go to state 64


State 11

   49 jump_stmt: TOKEN_JUMP • TOKEN_REG TOKEN_COMMA TOKEN_CARDINAL expression

    TOKEN_REG  shift, and go to state 65


State 12

   50 jump_stmt: TOKEN_JUMP_LINK • TOKEN_REG TOKEN_COMMA TOKEN_REG TOKEN_COMMA TOKEN_CARDINAL expression

    TOKEN_REG  shift, and go to state 66


State 13

   48 move_stmt: TOKEN_MOVE • TOKEN_REG TOKEN_COMMA TOKEN_REG

    TOKEN_REG  shift, and go to state 67


State 14

   51 load_stmt: TOKEN_LOAD_DIRECT • TOKEN_REG TOKEN_COMMA TOKEN_CARDINAL expression

    TOKEN_REG  shift, and go to state 68


State 15

   52 load_stmt: TOKEN_LOAD_IMMEDIATE • TOKEN_REG TOKEN_COMMA TOKEN_CARDINAL expression
   53          | TOKEN_LOAD_IMMEDIATE • TOKEN_REG TOKEN_COMMA TOKEN_COLON TOKEN_IDENTIFIER

    TOKEN_REG  shift, and go to state 69


State 16

   54 load_stmt: TOKEN_LOAD_INDEXED • TOKEN_REG TOKEN_COMMA TOKEN_REG TOKEN_COMMA TOKEN_CARDINAL expression

    TOKEN_REG  shift, and go to state 70


State 17

   55 store_stmt: TOKEN_STORE_DIRECT • TOKEN_REG TOKEN_COMMA TOKEN_CARDINAL expression

    TOKEN_REG  shift, and go to state 71


State 18

   56 store_stmt: TOKEN_STORE_INDEXED • TOKEN_REG TOKEN_COMMA TOKEN_REG TOKEN_COMMA TOKEN_CARDINAL expression

    TOKEN_REG  shift, and go to state 72


State 19

   57 reti_stmt: TOKEN_RETI •

    $default  reduce using rule 57 (reti_stmt)


State 20

   58 halt_stmt: TOKEN_HALT •

    $default  reduce using rule 58 (halt_stmt)


State 21

   59 nop_stmt: TOKEN_NOP •

    $default  reduce using rule 59 (nop_stmt)


State 22

   65 label: TOKEN_IDENTIFIER • TOKEN_COLON

    TOKEN_COLON  shift, and go to state 73


State 23

   60 byte_stmt: TOKEN_BYTE • TOKEN_NUMBER

    TOKEN_NUMBER  shift, and go to state 74


State 24

   61 word_stmt: TOKEN_WORD • TOKEN_NUMBER

    TOKEN_NUMBER  shift, and go to state 75


State 25

   62 alloc_stmt: TOKEN_ALLOC • TOKEN_IDENTIFIER TOKEN_NUMBER

    TOKEN_IDENTIFIER  shift, and go to state 76


State 26

   63 org_stmt: TOKEN_ORG • TOKEN_NUMBER

    TOKEN_NUMBER  shift, and go to state 77


State 27

   64 equ_stmt: TOKEN_EQU • TOKEN_IDENTIFIER TOKEN_COMMA expression

    TOKEN_IDENTIFIER  shift, and go to state 78


State 28

    0 $accept: prog • $end
    1 prog: prog • TOKEN_ENDFILE
    2     | prog • stmt

    $end                  shift, and go to state 79
    TOKEN_ADD             shift, and go to state 1
    TOKEN_SUB             shift, and go to state 2
    TOKEN_OR              shift, and go to state 3
    TOKEN_AND             shift, and go to state 4
    TOKEN_NOT             shift, and go to state 5
    TOKEN_XOR             shift, and go to state 6
    TOKEN_CMP             shift, and go to state 7
    TOKEN_RR              shift, and go to state 8
    TOKEN_RL              shift, and go to state 9
    TOKEN_BRANCH          shift, and go to state 10
    TOKEN_JUMP            shift, and go to state 11
    TOKEN_JUMP_LINK       shift, and go to state 12
    TOKEN_MOVE            shift, and go to state 13
    TOKEN_LOAD_DIRECT     shift, and go to state 14
    TOKEN_LOAD_IMMEDIATE  shift, and go to state 15
    TOKEN_LOAD_INDEXED    shift, and go to state 16
    TOKEN_STORE_DIRECT    shift, and go to state 17
    TOKEN_STORE_INDEXED   shift, and go to state 18
    TOKEN_RETI            shift, and go to state 19
    TOKEN_HALT            shift, and go to state 20
    TOKEN_NOP             shift, and go to state 21
    TOKEN_IDENTIFIER      shift, and go to state 22
    TOKEN_ENDFILE         shift, and go to state 80
    TOKEN_BYTE            shift, and go to state 23
    TOKEN_WORD            shift, and go to state 24
    TOKEN_ALLOC           shift, and go to state 25
    TOKEN_ORG             shift, and go to state 26
    TOKEN_EQU             shift, and go to state 27

    stmt         go to state 81
    add_stmt     go to state 30
    sub_stmt     go to state 31
    or_stmt      go to state 32
    and_stmt     go to state 33
    xor_stmt     go to state 34
    not_stmt     go to state 35
    cmp_stmt     go to state 36
    rr_stmt      go to state 37
    rl_stmt      go to state 38
    branch_stmt  go to state 39
    move_stmt    go to state 40
    jump_stmt    go to state 41
    load_stmt    go to state 42
    store_stmt   go to state 43
    reti_stmt    go to state 44
    halt_stmt    go to state 45
    nop_stmt     go to state 46
    byte_stmt    go to state 47
    word_stmt    go to state 48
    alloc_stmt   go to state 49
    org_stmt     go to state 50
    equ_stmt     go to state 51
    label        go to state 52


State 29

    3 prog: stmt •

    $default  reduce using rule 3 (prog)


State 30

    4 stmt: add_stmt •

    $default  reduce using rule 4 (stmt)


State 31

    5 stmt: sub_stmt •

    $default  reduce using rule 5 (stmt)


State 32

    6 stmt: or_stmt •

    $default  reduce using rule 6 (stmt)


State 33

    7 stmt: and_stmt •

    $default  reduce using rule 7 (stmt)


State 34

    9 stmt: xor_stmt •

    $default  reduce using rule 9 (stmt)


State 35

    8 stmt: not_stmt •

    $default  reduce using rule 8 (stmt)


State 36

   10 stmt: cmp_stmt •

    $default  reduce using rule 10 (stmt)


State 37

   11 stmt: rr_stmt •

    $default  reduce using rule 11 (stmt)


State 38

   12 stmt: rl_stmt •

    $default  reduce using rule 12 (stmt)


State 39

   13 stmt: branch_stmt •

    $default  reduce using rule 13 (stmt)


State 40

   14 stmt: move_stmt •

    $default  reduce using rule 14 (stmt)


State 41

   15 stmt: jump_stmt •

    $default  reduce using rule 15 (stmt)


State 42

   16 stmt: load_stmt •

    $default  reduce using rule 16 (stmt)


State 43

   17 stmt: store_stmt •

    $default  reduce using rule 17 (stmt)


State 44

   18 stmt: reti_stmt •

    $default  reduce using rule 18 (stmt)


State 45

   19 stmt: halt_stmt •

    $default  reduce using rule 19 (stmt)


State 46

   20 stmt: nop_stmt •

    $default  reduce using rule 20 (stmt)


State 47

   21 stmt: byte_stmt •

    $default  reduce using rule 21 (stmt)


State 48

   22 stmt: word_stmt •

    $default  reduce using rule 22 (stmt)


State 49

   23 stmt: alloc_stmt •

    $default  reduce using rule 23 (stmt)


State 50

   24 stmt: org_stmt •

    $default  reduce using rule 24 (stmt)


State 51

   25 stmt: equ_stmt •

    $default  reduce using rule 25 (stmt)


State 52

   26 stmt: label •

    $default  reduce using rule 26 (stmt)


State 53

   27 add_stmt: TOKEN_ADD TOKEN_REG • TOKEN_COMMA TOKEN_REG TOKEN_COMMA TOKEN_REG
   28         | TOKEN_ADD TOKEN_REG • TOKEN_COMMA TOKEN_REG TOKEN_COMMA TOKEN_CARDINAL expression

    TOKEN_COMMA  shift, and go to state 82


State 54

   29 sub_stmt: TOKEN_SUB TOKEN_REG • TOKEN_COMMA TOKEN_REG TOKEN_COMMA TOKEN_REG
   30         | TOKEN_SUB TOKEN_REG • TOKEN_COMMA TOKEN_REG TOKEN_COMMA TOKEN_CARDINAL expression

    TOKEN_COMMA  shift, and go to state 83


State 55

   31 or_stmt: TOKEN_OR TOKEN_REG • TOKEN_COMMA TOKEN_REG TOKEN_COMMA TOKEN_REG
   32        | TOKEN_OR TOKEN_REG • TOKEN_COMMA TOKEN_REG TOKEN_COMMA TOKEN_CARDINAL expression

    TOKEN_COMMA  shift, and go to state 84


State 56

   33 and_stmt: TOKEN_AND TOKEN_REG • TOKEN_COMMA TOKEN_REG TOKEN_COMMA TOKEN_REG
   34         | TOKEN_AND TOKEN_REG • TOKEN_COMMA TOKEN_REG TOKEN_COMMA TOKEN_CARDINAL expression

    TOKEN_COMMA  shift, and go to state 85


State 57

   37 not_stmt: TOKEN_NOT TOKEN_REG • TOKEN_COMMA TOKEN_REG
   38         | TOKEN_NOT TOKEN_REG • TOKEN_COMMA TOKEN_CARDINAL expression

    TOKEN_COMMA  shift, and go to state 86


State 58

   35 xor_stmt: TOKEN_XOR TOKEN_REG • TOKEN_COMMA TOKEN_REG TOKEN_COMMA TOKEN_REG
   36         | TOKEN_XOR TOKEN_REG • TOKEN_COMMA TOKEN_REG TOKEN_COMMA TOKEN_CARDINAL expression

    TOKEN_COMMA  shift, and go to state 87


State 59

   39 cmp_stmt: TOKEN_CMP TOKEN_REG • TOKEN_COMMA TOKEN_REG
   40         | TOKEN_CMP TOKEN_REG • TOKEN_COMMA TOKEN_CARDINAL expression

    TOKEN_COMMA  shift, and go to state 88


State 60

   41 rr_stmt: TOKEN_RR TOKEN_REG • TOKEN_COMMA TOKEN_REG TOKEN_COMMA TOKEN_REG
   42        | TOKEN_RR TOKEN_REG • TOKEN_COMMA TOKEN_REG TOKEN_COMMA TOKEN_CARDINAL expression

    TOKEN_COMMA  shift, and go to state 89


State 61

   43 rl_stmt: TOKEN_RL TOKEN_REG • TOKEN_COMMA TOKEN_REG TOKEN_COMMA TOKEN_REG
   44        | TOKEN_RL TOKEN_REG • TOKEN_COMMA TOKEN_REG TOKEN_COMMA TOKEN_CARDINAL expression

    TOKEN_COMMA  shift, and go to state 90


State 62

   45 branch_stmt: TOKEN_BRANCH TOKEN_IDENTIFIER •

    $default  reduce using rule 45 (branch_stmt)


State 63

   46 branch_stmt: TOKEN_BRANCH TOKEN_CARDINAL • expression

    TOKEN_NUMBER      shift, and go to state 91
    TOKEN_IDENTIFIER  shift, and go to state 92
    TOKEN_PLUS        shift, and go to state 93
    TOKEN_MINUS       shift, and go to state 94
    TOKEN_LEFT_PAREN  shift, and go to state 95

    expression  go to state 96


State 64

   47 branch_stmt: TOKEN_BRANCH TOKEN_DOLLAR •

    $default  reduce using rule 47 (branch_stmt)


State 65

   49 jump_stmt: TOKEN_JUMP TOKEN_REG • TOKEN_COMMA TOKEN_CARDINAL expression

    TOKEN_COMMA  shift, and go to state 97


State 66

   50 jump_stmt: TOKEN_JUMP_LINK TOKEN_REG • TOKEN_COMMA TOKEN_REG TOKEN_COMMA TOKEN_CARDINAL expression

    TOKEN_COMMA  shift, and go to state 98


State 67

   48 move_stmt: TOKEN_MOVE TOKEN_REG • TOKEN_COMMA TOKEN_REG

    TOKEN_COMMA  shift, and go to state 99


State 68

   51 load_stmt: TOKEN_LOAD_DIRECT TOKEN_REG • TOKEN_COMMA TOKEN_CARDINAL expression

    TOKEN_COMMA  shift, and go to state 100


State 69

   52 load_stmt: TOKEN_LOAD_IMMEDIATE TOKEN_REG • TOKEN_COMMA TOKEN_CARDINAL expression
   53          | TOKEN_LOAD_IMMEDIATE TOKEN_REG • TOKEN_COMMA TOKEN_COLON TOKEN_IDENTIFIER

    TOKEN_COMMA  shift, and go to state 101


State 70

   54 load_stmt: TOKEN_LOAD_INDEXED TOKEN_REG • TOKEN_COMMA TOKEN_REG TOKEN_COMMA TOKEN_CARDINAL expression

    TOKEN_COMMA  shift, and go to state 102


State 71

   55 store_stmt: TOKEN_STORE_DIRECT TOKEN_REG • TOKEN_COMMA TOKEN_CARDINAL expression

    TOKEN_COMMA  shift, and go to state 103


State 72

   56 store_stmt: TOKEN_STORE_INDEXED TOKEN_REG • TOKEN_COMMA TOKEN_REG TOKEN_COMMA TOKEN_CARDINAL expression

    TOKEN_COMMA  shift, and go to state 104


State 73

   65 label: TOKEN_IDENTIFIER TOKEN_COLON •

    $default  reduce using rule 65 (label)


State 74

   60 byte_stmt: TOKEN_BYTE TOKEN_NUMBER •

    $default  reduce using rule 60 (byte_stmt)


State 75

   61 word_stmt: TOKEN_WORD TOKEN_NUMBER •

    $default  reduce using rule 61 (word_stmt)


State 76

   62 alloc_stmt: TOKEN_ALLOC TOKEN_IDENTIFIER • TOKEN_NUMBER

    TOKEN_NUMBER  shift, and go to state 105


State 77

   63 org_stmt: TOKEN_ORG TOKEN_NUMBER •

    $default  reduce using rule 63 (org_stmt)


State 78

   64 equ_stmt: TOKEN_EQU TOKEN_IDENTIFIER • TOKEN_COMMA expression

    TOKEN_COMMA  shift, and go to state 106


State 79

    0 $accept: prog $end •

    $default  accept


State 80

    1 prog: prog TOKEN_ENDFILE •

    $default  reduce using rule 1 (prog)


State 81

    2 prog: prog stmt •

    $default  reduce using rule 2 (prog)


State 82

   27 add_stmt: TOKEN_ADD TOKEN_REG TOKEN_COMMA • TOKEN_REG TOKEN_COMMA TOKEN_REG
   28         | TOKEN_ADD TOKEN_REG TOKEN_COMMA • TOKEN_REG TOKEN_COMMA TOKEN_CARDINAL expression

    TOKEN_REG  shift, and go to state 107


State 83

   29 sub_stmt: TOKEN_SUB TOKEN_REG TOKEN_COMMA • TOKEN_REG TOKEN_COMMA TOKEN_REG
   30         | TOKEN_SUB TOKEN_REG TOKEN_COMMA • TOKEN_REG TOKEN_COMMA TOKEN_CARDINAL expression

    TOKEN_REG  shift, and go to state 108


State 84

   31 or_stmt: TOKEN_OR TOKEN_REG TOKEN_COMMA • TOKEN_REG TOKEN_COMMA TOKEN_REG
   32        | TOKEN_OR TOKEN_REG TOKEN_COMMA • TOKEN_REG TOKEN_COMMA TOKEN_CARDINAL expression

    TOKEN_REG  shift, and go to state 109


State 85

   33 and_stmt: TOKEN_AND TOKEN_REG TOKEN_COMMA • TOKEN_REG TOKEN_COMMA TOKEN_REG
   34         | TOKEN_AND TOKEN_REG TOKEN_COMMA • TOKEN_REG TOKEN_COMMA TOKEN_CARDINAL expression

    TOKEN_REG  shift, and go to state 110


State 86

   37 not_stmt: TOKEN_NOT TOKEN_REG TOKEN_COMMA • TOKEN_REG
   38         | TOKEN_NOT TOKEN_REG TOKEN_COMMA • TOKEN_CARDINAL expression

    TOKEN_REG       shift, and go to state 111
    TOKEN_CARDINAL  shift, and go to state 112


State 87

   35 xor_stmt: TOKEN_XOR TOKEN_REG TOKEN_COMMA • TOKEN_REG TOKEN_COMMA TOKEN_REG
   36         | TOKEN_XOR TOKEN_REG TOKEN_COMMA • TOKEN_REG TOKEN_COMMA TOKEN_CARDINAL expression

    TOKEN_REG  shift, and go to state 113


State 88

   39 cmp_stmt: TOKEN_CMP TOKEN_REG TOKEN_COMMA • TOKEN_REG
   40         | TOKEN_CMP TOKEN_REG TOKEN_COMMA • TOKEN_CARDINAL expression

    TOKEN_REG       shift, and go to state 114
    TOKEN_CARDINAL  shift, and go to state 115


State 89

   41 rr_stmt: TOKEN_RR TOKEN_REG TOKEN_COMMA • TOKEN_REG TOKEN_COMMA TOKEN_REG
   42        | TOKEN_RR TOKEN_REG TOKEN_COMMA • TOKEN_REG TOKEN_COMMA TOKEN_CARDINAL expression

    TOKEN_REG  shift, and go to state 116


State 90

   43 rl_stmt: TOKEN_RL TOKEN_REG TOKEN_COMMA • TOKEN_REG TOKEN_COMMA TOKEN_REG
   44        | TOKEN_RL TOKEN_REG TOKEN_COMMA • TOKEN_REG TOKEN_COMMA TOKEN_CARDINAL expression

    TOKEN_REG  shift, and go to state 117


State 91

   71 expression: TOKEN_NUMBER •

    $default  reduce using rule 71 (expression)


State 92

   72 expression: TOKEN_IDENTIFIER •

    $default  reduce using rule 72 (expression)


State 93

   69 expression: TOKEN_PLUS • TOKEN_NUMBER

    TOKEN_NUMBER  shift, and go to state 118


State 94

   70 expression: TOKEN_MINUS • TOKEN_NUMBER

    TOKEN_NUMBER  shift, and go to state 119


State 95

   66 expression: TOKEN_LEFT_PAREN • expression TOKEN_RIGHT_PAREN

    TOKEN_NUMBER      shift, and go to state 91
    TOKEN_IDENTIFIER  shift, and go to state 92
    TOKEN_PLUS        shift, and go to state 93
    TOKEN_MINUS       shift, and go to state 94
    TOKEN_LEFT_PAREN  shift, and go to state 95

    expression  go to state 120


State 96

   46 branch_stmt: TOKEN_BRANCH TOKEN_CARDINAL expression •
   67 expression: expression • TOKEN_PLUS expression
   68           | expression • TOKEN_MINUS expression

    TOKEN_PLUS   shift, and go to state 121
    TOKEN_MINUS  shift, and go to state 122

    $default  reduce using rule 46 (branch_stmt)


State 97

   49 jump_stmt: TOKEN_JUMP TOKEN_REG TOKEN_COMMA • TOKEN_CARDINAL expression

    TOKEN_CARDINAL  shift, and go to state 123


State 98

   50 jump_stmt: TOKEN_JUMP_LINK TOKEN_REG TOKEN_COMMA • TOKEN_REG TOKEN_COMMA TOKEN_CARDINAL expression

    TOKEN_REG  shift, and go to state 124


State 99

   48 move_stmt: TOKEN_MOVE TOKEN_REG TOKEN_COMMA • TOKEN_REG

    TOKEN_REG  shift, and go to state 125


State 100

   51 load_stmt: TOKEN_LOAD_DIRECT TOKEN_REG TOKEN_COMMA • TOKEN_CARDINAL expression

    TOKEN_CARDINAL  shift, and go to state 126


State 101

   52 load_stmt: TOKEN_LOAD_IMMEDIATE TOKEN_REG TOKEN_COMMA • TOKEN_CARDINAL expression
   53          | TOKEN_LOAD_IMMEDIATE TOKEN_REG TOKEN_COMMA • TOKEN_COLON TOKEN_IDENTIFIER

    TOKEN_CARDINAL  shift, and go to state 127
    TOKEN_COLON     shift, and go to state 128


State 102

   54 load_stmt: TOKEN_LOAD_INDEXED TOKEN_REG TOKEN_COMMA • TOKEN_REG TOKEN_COMMA TOKEN_CARDINAL expression

    TOKEN_REG  shift, and go to state 129


State 103

   55 store_stmt: TOKEN_STORE_DIRECT TOKEN_REG TOKEN_COMMA • TOKEN_CARDINAL expression

    TOKEN_CARDINAL  shift, and go to state 130


State 104

   56 store_stmt: TOKEN_STORE_INDEXED TOKEN_REG TOKEN_COMMA • TOKEN_REG TOKEN_COMMA TOKEN_CARDINAL expression

    TOKEN_REG  shift, and go to state 131


State 105

   62 alloc_stmt: TOKEN_ALLOC TOKEN_IDENTIFIER TOKEN_NUMBER •

    $default  reduce using rule 62 (alloc_stmt)


State 106

   64 equ_stmt: TOKEN_EQU TOKEN_IDENTIFIER TOKEN_COMMA • expression

    TOKEN_NUMBER      shift, and go to state 91
    TOKEN_IDENTIFIER  shift, and go to state 92
    TOKEN_PLUS        shift, and go to state 93
    TOKEN_MINUS       shift, and go to state 94
    TOKEN_LEFT_PAREN  shift, and go to state 95

    expression  go to state 132


State 107

   27 add_stmt: TOKEN_ADD TOKEN_REG TOKEN_COMMA TOKEN_REG • TOKEN_COMMA TOKEN_REG
   28         | TOKEN_ADD TOKEN_REG TOKEN_COMMA TOKEN_REG • TOKEN_COMMA TOKEN_CARDINAL expression

    TOKEN_COMMA  shift, and go to state 133


State 108

   29 sub_stmt: TOKEN_SUB TOKEN_REG TOKEN_COMMA TOKEN_REG • TOKEN_COMMA TOKEN_REG
   30         | TOKEN_SUB TOKEN_REG TOKEN_COMMA TOKEN_REG • TOKEN_COMMA TOKEN_CARDINAL expression

    TOKEN_COMMA  shift, and go to state 134


State 109

   31 or_stmt: TOKEN_OR TOKEN_REG TOKEN_COMMA TOKEN_REG • TOKEN_COMMA TOKEN_REG
   32        | TOKEN_OR TOKEN_REG TOKEN_COMMA TOKEN_REG • TOKEN_COMMA TOKEN_CARDINAL expression

    TOKEN_COMMA  shift, and go to state 135


State 110

   33 and_stmt: TOKEN_AND TOKEN_REG TOKEN_COMMA TOKEN_REG • TOKEN_COMMA TOKEN_REG
   34         | TOKEN_AND TOKEN_REG TOKEN_COMMA TOKEN_REG • TOKEN_COMMA TOKEN_CARDINAL expression

    TOKEN_COMMA  shift, and go to state 136


State 111

   37 not_stmt: TOKEN_NOT TOKEN_REG TOKEN_COMMA TOKEN_REG •

    $default  reduce using rule 37 (not_stmt)


State 112

   38 not_stmt: TOKEN_NOT TOKEN_REG TOKEN_COMMA TOKEN_CARDINAL • expression

    TOKEN_NUMBER      shift, and go to state 91
    TOKEN_IDENTIFIER  shift, and go to state 92
    TOKEN_PLUS        shift, and go to state 93
    TOKEN_MINUS       shift, and go to state 94
    TOKEN_LEFT_PAREN  shift, and go to state 95

    expression  go to state 137


State 113

   35 xor_stmt: TOKEN_XOR TOKEN_REG TOKEN_COMMA TOKEN_REG • TOKEN_COMMA TOKEN_REG
   36         | TOKEN_XOR TOKEN_REG TOKEN_COMMA TOKEN_REG • TOKEN_COMMA TOKEN_CARDINAL expression

    TOKEN_COMMA  shift, and go to state 138


State 114

   39 cmp_stmt: TOKEN_CMP TOKEN_REG TOKEN_COMMA TOKEN_REG •

    $default  reduce using rule 39 (cmp_stmt)


State 115

   40 cmp_stmt: TOKEN_CMP TOKEN_REG TOKEN_COMMA TOKEN_CARDINAL • expression

    TOKEN_NUMBER      shift, and go to state 91
    TOKEN_IDENTIFIER  shift, and go to state 92
    TOKEN_PLUS        shift, and go to state 93
    TOKEN_MINUS       shift, and go to state 94
    TOKEN_LEFT_PAREN  shift, and go to state 95

    expression  go to state 139


State 116

   41 rr_stmt: TOKEN_RR TOKEN_REG TOKEN_COMMA TOKEN_REG • TOKEN_COMMA TOKEN_REG
   42        | TOKEN_RR TOKEN_REG TOKEN_COMMA TOKEN_REG • TOKEN_COMMA TOKEN_CARDINAL expression

    TOKEN_COMMA  shift, and go to state 140


State 117

   43 rl_stmt: TOKEN_RL TOKEN_REG TOKEN_COMMA TOKEN_REG • TOKEN_COMMA TOKEN_REG
   44        | TOKEN_RL TOKEN_REG TOKEN_COMMA TOKEN_REG • TOKEN_COMMA TOKEN_CARDINAL expression

    TOKEN_COMMA  shift, and go to state 141


State 118

   69 expression: TOKEN_PLUS TOKEN_NUMBER •

    $default  reduce using rule 69 (expression)


State 119

   70 expression: TOKEN_MINUS TOKEN_NUMBER •

    $default  reduce using rule 70 (expression)


State 120

   66 expression: TOKEN_LEFT_PAREN expression • TOKEN_RIGHT_PAREN
   67           | expression • TOKEN_PLUS expression
   68           | expression • TOKEN_MINUS expression

    TOKEN_PLUS         shift, and go to state 121
    TOKEN_MINUS        shift, and go to state 122
    TOKEN_RIGHT_PAREN  shift, and go to state 142


State 121

   67 expression: expression TOKEN_PLUS • expression

    TOKEN_NUMBER      shift, and go to state 91
    TOKEN_IDENTIFIER  shift, and go to state 92
    TOKEN_PLUS        shift, and go to state 93
    TOKEN_MINUS       shift, and go to state 94
    TOKEN_LEFT_PAREN  shift, and go to state 95

    expression  go to state 143


State 122

   68 expression: expression TOKEN_MINUS • expression

    TOKEN_NUMBER      shift, and go to state 91
    TOKEN_IDENTIFIER  shift, and go to state 92
    TOKEN_PLUS        shift, and go to state 93
    TOKEN_MINUS       shift, and go to state 94
    TOKEN_LEFT_PAREN  shift, and go to state 95

    expression  go to state 144


State 123

   49 jump_stmt: TOKEN_JUMP TOKEN_REG TOKEN_COMMA TOKEN_CARDINAL • expression

    TOKEN_NUMBER      shift, and go to state 91
    TOKEN_IDENTIFIER  shift, and go to state 92
    TOKEN_PLUS        shift, and go to state 93
    TOKEN_MINUS       shift, and go to state 94
    TOKEN_LEFT_PAREN  shift, and go to state 95

    expression  go to state 145


State 124

   50 jump_stmt: TOKEN_JUMP_LINK TOKEN_REG TOKEN_COMMA TOKEN_REG • TOKEN_COMMA TOKEN_CARDINAL expression

    TOKEN_COMMA  shift, and go to state 146


State 125

   48 move_stmt: TOKEN_MOVE TOKEN_REG TOKEN_COMMA TOKEN_REG •

    $default  reduce using rule 48 (move_stmt)


State 126

   51 load_stmt: TOKEN_LOAD_DIRECT TOKEN_REG TOKEN_COMMA TOKEN_CARDINAL • expression

    TOKEN_NUMBER      shift, and go to state 91
    TOKEN_IDENTIFIER  shift, and go to state 92
    TOKEN_PLUS        shift, and go to state 93
    TOKEN_MINUS       shift, and go to state 94
    TOKEN_LEFT_PAREN  shift, and go to state 95

    expression  go to state 147


State 127

   52 load_stmt: TOKEN_LOAD_IMMEDIATE TOKEN_REG TOKEN_COMMA TOKEN_CARDINAL • expression

    TOKEN_NUMBER      shift, and go to state 91
    TOKEN_IDENTIFIER  shift, and go to state 92
    TOKEN_PLUS        shift, and go to state 93
    TOKEN_MINUS       shift, and go to state 94
    TOKEN_LEFT_PAREN  shift, and go to state 95

    expression  go to state 148


State 128

   53 load_stmt: TOKEN_LOAD_IMMEDIATE TOKEN_REG TOKEN_COMMA TOKEN_COLON • TOKEN_IDENTIFIER

    TOKEN_IDENTIFIER  shift, and go to state 149


State 129

   54 load_stmt: TOKEN_LOAD_INDEXED TOKEN_REG TOKEN_COMMA TOKEN_REG • TOKEN_COMMA TOKEN_CARDINAL expression

    TOKEN_COMMA  shift, and go to state 150


State 130

   55 store_stmt: TOKEN_STORE_DIRECT TOKEN_REG TOKEN_COMMA TOKEN_CARDINAL • expression

    TOKEN_NUMBER      shift, and go to state 91
    TOKEN_IDENTIFIER  shift, and go to state 92
    TOKEN_PLUS        shift, and go to state 93
    TOKEN_MINUS       shift, and go to state 94
    TOKEN_LEFT_PAREN  shift, and go to state 95

    expression  go to state 151


State 131

   56 store_stmt: TOKEN_STORE_INDEXED TOKEN_REG TOKEN_COMMA TOKEN_REG • TOKEN_COMMA TOKEN_CARDINAL expression

    TOKEN_COMMA  shift, and go to state 152


State 132

   64 equ_stmt: TOKEN_EQU TOKEN_IDENTIFIER TOKEN_COMMA expression •
   67 expression: expression • TOKEN_PLUS expression
   68           | expression • TOKEN_MINUS expression

    TOKEN_PLUS   shift, and go to state 121
    TOKEN_MINUS  shift, and go to state 122

    $default  reduce using rule 64 (equ_stmt)


State 133

   27 add_stmt: TOKEN_ADD TOKEN_REG TOKEN_COMMA TOKEN_REG TOKEN_COMMA • TOKEN_REG
   28         | TOKEN_ADD TOKEN_REG TOKEN_COMMA TOKEN_REG TOKEN_COMMA • TOKEN_CARDINAL expression

    TOKEN_REG       shift, and go to state 153
    TOKEN_CARDINAL  shift, and go to state 154


State 134

   29 sub_stmt: TOKEN_SUB TOKEN_REG TOKEN_COMMA TOKEN_REG TOKEN_COMMA • TOKEN_REG
   30         | TOKEN_SUB TOKEN_REG TOKEN_COMMA TOKEN_REG TOKEN_COMMA • TOKEN_CARDINAL expression

    TOKEN_REG       shift, and go to state 155
    TOKEN_CARDINAL  shift, and go to state 156


State 135

   31 or_stmt: TOKEN_OR TOKEN_REG TOKEN_COMMA TOKEN_REG TOKEN_COMMA • TOKEN_REG
   32        | TOKEN_OR TOKEN_REG TOKEN_COMMA TOKEN_REG TOKEN_COMMA • TOKEN_CARDINAL expression

    TOKEN_REG       shift, and go to state 157
    TOKEN_CARDINAL  shift, and go to state 158


State 136

   33 and_stmt: TOKEN_AND TOKEN_REG TOKEN_COMMA TOKEN_REG TOKEN_COMMA • TOKEN_REG
   34         | TOKEN_AND TOKEN_REG TOKEN_COMMA TOKEN_REG TOKEN_COMMA • TOKEN_CARDINAL expression

    TOKEN_REG       shift, and go to state 159
    TOKEN_CARDINAL  shift, and go to state 160


State 137

   38 not_stmt: TOKEN_NOT TOKEN_REG TOKEN_COMMA TOKEN_CARDINAL expression •
   67 expression: expression • TOKEN_PLUS expression
   68           | expression • TOKEN_MINUS expression

    TOKEN_PLUS   shift, and go to state 121
    TOKEN_MINUS  shift, and go to state 122

    $default  reduce using rule 38 (not_stmt)


State 138

   35 xor_stmt: TOKEN_XOR TOKEN_REG TOKEN_COMMA TOKEN_REG TOKEN_COMMA • TOKEN_REG
   36         | TOKEN_XOR TOKEN_REG TOKEN_COMMA TOKEN_REG TOKEN_COMMA • TOKEN_CARDINAL expression

    TOKEN_REG       shift, and go to state 161
    TOKEN_CARDINAL  shift, and go to state 162


State 139

   40 cmp_stmt: TOKEN_CMP TOKEN_REG TOKEN_COMMA TOKEN_CARDINAL expression •
   67 expression: expression • TOKEN_PLUS expression
   68           | expression • TOKEN_MINUS expression

    TOKEN_PLUS   shift, and go to state 121
    TOKEN_MINUS  shift, and go to state 122

    $default  reduce using rule 40 (cmp_stmt)


State 140

   41 rr_stmt: TOKEN_RR TOKEN_REG TOKEN_COMMA TOKEN_REG TOKEN_COMMA • TOKEN_REG
   42        | TOKEN_RR TOKEN_REG TOKEN_COMMA TOKEN_REG TOKEN_COMMA • TOKEN_CARDINAL expression

    TOKEN_REG       shift, and go to state 163
    TOKEN_CARDINAL  shift, and go to state 164


State 141

   43 rl_stmt: TOKEN_RL TOKEN_REG TOKEN_COMMA TOKEN_REG TOKEN_COMMA • TOKEN_REG
   44        | TOKEN_RL TOKEN_REG TOKEN_COMMA TOKEN_REG TOKEN_COMMA • TOKEN_CARDINAL expression

    TOKEN_REG       shift, and go to state 165
    TOKEN_CARDINAL  shift, and go to state 166


State 142

   66 expression: TOKEN_LEFT_PAREN expression TOKEN_RIGHT_PAREN •

    $default  reduce using rule 66 (expression)


State 143

   67 expression: expression • TOKEN_PLUS expression
   67           | expression TOKEN_PLUS expression •
   68           | expression • TOKEN_MINUS expression

    $default  reduce using rule 67 (expression)


State 144

   67 expression: expression • TOKEN_PLUS expression
   68           | expression • TOKEN_MINUS expression
   68           | expression TOKEN_MINUS expression •

    $default  reduce using rule 68 (expression)


State 145

   49 jump_stmt: TOKEN_JUMP TOKEN_REG TOKEN_COMMA TOKEN_CARDINAL expression •
   67 expression: expression • TOKEN_PLUS expression
   68           | expression • TOKEN_MINUS expression

    TOKEN_PLUS   shift, and go to state 121
    TOKEN_MINUS  shift, and go to state 122

    $default  reduce using rule 49 (jump_stmt)


State 146

   50 jump_stmt: TOKEN_JUMP_LINK TOKEN_REG TOKEN_COMMA TOKEN_REG TOKEN_COMMA • TOKEN_CARDINAL expression

    TOKEN_CARDINAL  shift, and go to state 167


State 147

   51 load_stmt: TOKEN_LOAD_DIRECT TOKEN_REG TOKEN_COMMA TOKEN_CARDINAL expression •
   67 expression: expression • TOKEN_PLUS expression
   68           | expression • TOKEN_MINUS expression

    TOKEN_PLUS   shift, and go to state 121
    TOKEN_MINUS  shift, and go to state 122

    $default  reduce using rule 51 (load_stmt)


State 148

   52 load_stmt: TOKEN_LOAD_IMMEDIATE TOKEN_REG TOKEN_COMMA TOKEN_CARDINAL expression •
   67 expression: expression • TOKEN_PLUS expression
   68           | expression • TOKEN_MINUS expression

    TOKEN_PLUS   shift, and go to state 121
    TOKEN_MINUS  shift, and go to state 122

    $default  reduce using rule 52 (load_stmt)


State 149

   53 load_stmt: TOKEN_LOAD_IMMEDIATE TOKEN_REG TOKEN_COMMA TOKEN_COLON TOKEN_IDENTIFIER •

    $default  reduce using rule 53 (load_stmt)


State 150

   54 load_stmt: TOKEN_LOAD_INDEXED TOKEN_REG TOKEN_COMMA TOKEN_REG TOKEN_COMMA • TOKEN_CARDINAL expression

    TOKEN_CARDINAL  shift, and go to state 168


State 151

   55 store_stmt: TOKEN_STORE_DIRECT TOKEN_REG TOKEN_COMMA TOKEN_CARDINAL expression •
   67 expression: expression • TOKEN_PLUS expression
   68           | expression • TOKEN_MINUS expression

    TOKEN_PLUS   shift, and go to state 121
    TOKEN_MINUS  shift, and go to state 122

    $default  reduce using rule 55 (store_stmt)


State 152

   56 store_stmt: TOKEN_STORE_INDEXED TOKEN_REG TOKEN_COMMA TOKEN_REG TOKEN_COMMA • TOKEN_CARDINAL expression

    TOKEN_CARDINAL  shift, and go to state 169


State 153

   27 add_stmt: TOKEN_ADD TOKEN_REG TOKEN_COMMA TOKEN_REG TOKEN_COMMA TOKEN_REG •

    $default  reduce using rule 27 (add_stmt)


State 154

   28 add_stmt: TOKEN_ADD TOKEN_REG TOKEN_COMMA TOKEN_REG TOKEN_COMMA TOKEN_CARDINAL • expression

    TOKEN_NUMBER      shift, and go to state 91
    TOKEN_IDENTIFIER  shift, and go to state 92
    TOKEN_PLUS        shift, and go to state 93
    TOKEN_MINUS       shift, and go to state 94
    TOKEN_LEFT_PAREN  shift, and go to state 95

    expression  go to state 170


State 155

   29 sub_stmt: TOKEN_SUB TOKEN_REG TOKEN_COMMA TOKEN_REG TOKEN_COMMA TOKEN_REG •

    $default  reduce using rule 29 (sub_stmt)


State 156

   30 sub_stmt: TOKEN_SUB TOKEN_REG TOKEN_COMMA TOKEN_REG TOKEN_COMMA TOKEN_CARDINAL • expression

    TOKEN_NUMBER      shift, and go to state 91
    TOKEN_IDENTIFIER  shift, and go to state 92
    TOKEN_PLUS        shift, and go to state 93
    TOKEN_MINUS       shift, and go to state 94
    TOKEN_LEFT_PAREN  shift, and go to state 95

    expression  go to state 171


State 157

   31 or_stmt: TOKEN_OR TOKEN_REG TOKEN_COMMA TOKEN_REG TOKEN_COMMA TOKEN_REG •

    $default  reduce using rule 31 (or_stmt)


State 158

   32 or_stmt: TOKEN_OR TOKEN_REG TOKEN_COMMA TOKEN_REG TOKEN_COMMA TOKEN_CARDINAL • expression

    TOKEN_NUMBER      shift, and go to state 91
    TOKEN_IDENTIFIER  shift, and go to state 92
    TOKEN_PLUS        shift, and go to state 93
    TOKEN_MINUS       shift, and go to state 94
    TOKEN_LEFT_PAREN  shift, and go to state 95

    expression  go to state 172


State 159

   33 and_stmt: TOKEN_AND TOKEN_REG TOKEN_COMMA TOKEN_REG TOKEN_COMMA TOKEN_REG •

    $default  reduce using rule 33 (and_stmt)


State 160

   34 and_stmt: TOKEN_AND TOKEN_REG TOKEN_COMMA TOKEN_REG TOKEN_COMMA TOKEN_CARDINAL • expression

    TOKEN_NUMBER      shift, and go to state 91
    TOKEN_IDENTIFIER  shift, and go to state 92
    TOKEN_PLUS        shift, and go to state 93
    TOKEN_MINUS       shift, and go to state 94
    TOKEN_LEFT_PAREN  shift, and go to state 95

    expression  go to state 173


State 161

   35 xor_stmt: TOKEN_XOR TOKEN_REG TOKEN_COMMA TOKEN_REG TOKEN_COMMA TOKEN_REG •

    $default  reduce using rule 35 (xor_stmt)


State 162

   36 xor_stmt: TOKEN_XOR TOKEN_REG TOKEN_COMMA TOKEN_REG TOKEN_COMMA TOKEN_CARDINAL • expression

    TOKEN_NUMBER      shift, and go to state 91
    TOKEN_IDENTIFIER  shift, and go to state 92
    TOKEN_PLUS        shift, and go to state 93
    TOKEN_MINUS       shift, and go to state 94
    TOKEN_LEFT_PAREN  shift, and go to state 95

    expression  go to state 174


State 163

   41 rr_stmt: TOKEN_RR TOKEN_REG TOKEN_COMMA TOKEN_REG TOKEN_COMMA TOKEN_REG •

    $default  reduce using rule 41 (rr_stmt)


State 164

   42 rr_stmt: TOKEN_RR TOKEN_REG TOKEN_COMMA TOKEN_REG TOKEN_COMMA TOKEN_CARDINAL • expression

    TOKEN_NUMBER      shift, and go to state 91
    TOKEN_IDENTIFIER  shift, and go to state 92
    TOKEN_PLUS        shift, and go to state 93
    TOKEN_MINUS       shift, and go to state 94
    TOKEN_LEFT_PAREN  shift, and go to state 95

    expression  go to state 175


State 165

   43 rl_stmt: TOKEN_RL TOKEN_REG TOKEN_COMMA TOKEN_REG TOKEN_COMMA TOKEN_REG •

    $default  reduce using rule 43 (rl_stmt)


State 166

   44 rl_stmt: TOKEN_RL TOKEN_REG TOKEN_COMMA TOKEN_REG TOKEN_COMMA TOKEN_CARDINAL • expression

    TOKEN_NUMBER      shift, and go to state 91
    TOKEN_IDENTIFIER  shift, and go to state 92
    TOKEN_PLUS        shift, and go to state 93
    TOKEN_MINUS       shift, and go to state 94
    TOKEN_LEFT_PAREN  shift, and go to state 95

    expression  go to state 176


State 167

   50 jump_stmt: TOKEN_JUMP_LINK TOKEN_REG TOKEN_COMMA TOKEN_REG TOKEN_COMMA TOKEN_CARDINAL • expression

    TOKEN_NUMBER      shift, and go to state 91
    TOKEN_IDENTIFIER  shift, and go to state 92
    TOKEN_PLUS        shift, and go to state 93
    TOKEN_MINUS       shift, and go to state 94
    TOKEN_LEFT_PAREN  shift, and go to state 95

    expression  go to state 177


State 168

   54 load_stmt: TOKEN_LOAD_INDEXED TOKEN_REG TOKEN_COMMA TOKEN_REG TOKEN_COMMA TOKEN_CARDINAL • expression

    TOKEN_NUMBER      shift, and go to state 91
    TOKEN_IDENTIFIER  shift, and go to state 92
    TOKEN_PLUS        shift, and go to state 93
    TOKEN_MINUS       shift, and go to state 94
    TOKEN_LEFT_PAREN  shift, and go to state 95

    expression  go to state 178


State 169

   56 store_stmt: TOKEN_STORE_INDEXED TOKEN_REG TOKEN_COMMA TOKEN_REG TOKEN_COMMA TOKEN_CARDINAL • expression

    TOKEN_NUMBER      shift, and go to state 91
    TOKEN_IDENTIFIER  shift, and go to state 92
    TOKEN_PLUS        shift, and go to state 93
    TOKEN_MINUS       shift, and go to state 94
    TOKEN_LEFT_PAREN  shift, and go to state 95

    expression  go to state 179


State 170

   28 add_stmt: TOKEN_ADD TOKEN_REG TOKEN_COMMA TOKEN_REG TOKEN_COMMA TOKEN_CARDINAL expression •
   67 expression: expression • TOKEN_PLUS expression
   68           | expression • TOKEN_MINUS expression

    TOKEN_PLUS   shift, and go to state 121
    TOKEN_MINUS  shift, and go to state 122

    $default  reduce using rule 28 (add_stmt)


State 171

   30 sub_stmt: TOKEN_SUB TOKEN_REG TOKEN_COMMA TOKEN_REG TOKEN_COMMA TOKEN_CARDINAL expression •
   67 expression: expression • TOKEN_PLUS expression
   68           | expression • TOKEN_MINUS expression

    TOKEN_PLUS   shift, and go to state 121
    TOKEN_MINUS  shift, and go to state 122

    $default  reduce using rule 30 (sub_stmt)


State 172

   32 or_stmt: TOKEN_OR TOKEN_REG TOKEN_COMMA TOKEN_REG TOKEN_COMMA TOKEN_CARDINAL expression •
   67 expression: expression • TOKEN_PLUS expression
   68           | expression • TOKEN_MINUS expression

    TOKEN_PLUS   shift, and go to state 121
    TOKEN_MINUS  shift, and go to state 122

    $default  reduce using rule 32 (or_stmt)


State 173

   34 and_stmt: TOKEN_AND TOKEN_REG TOKEN_COMMA TOKEN_REG TOKEN_COMMA TOKEN_CARDINAL expression •
   67 expression: expression • TOKEN_PLUS expression
   68           | expression • TOKEN_MINUS expression

    TOKEN_PLUS   shift, and go to state 121
    TOKEN_MINUS  shift, and go to state 122

    $default  reduce using rule 34 (and_stmt)


State 174

   36 xor_stmt: TOKEN_XOR TOKEN_REG TOKEN_COMMA TOKEN_REG TOKEN_COMMA TOKEN_CARDINAL expression •
   67 expression: expression • TOKEN_PLUS expression
   68           | expression • TOKEN_MINUS expression

    TOKEN_PLUS   shift, and go to state 121
    TOKEN_MINUS  shift, and go to state 122

    $default  reduce using rule 36 (xor_stmt)


State 175

   42 rr_stmt: TOKEN_RR TOKEN_REG TOKEN_COMMA TOKEN_REG TOKEN_COMMA TOKEN_CARDINAL expression •
   67 expression: expression • TOKEN_PLUS expression
   68           | expression • TOKEN_MINUS expression

    TOKEN_PLUS   shift, and go to state 121
    TOKEN_MINUS  shift, and go to state 122

    $default  reduce using rule 42 (rr_stmt)


State 176

   44 rl_stmt: TOKEN_RL TOKEN_REG TOKEN_COMMA TOKEN_REG TOKEN_COMMA TOKEN_CARDINAL expression •
   67 expression: expression • TOKEN_PLUS expression
   68           | expression • TOKEN_MINUS expression

    TOKEN_PLUS   shift, and go to state 121
    TOKEN_MINUS  shift, and go to state 122

    $default  reduce using rule 44 (rl_stmt)


State 177

   50 jump_stmt: TOKEN_JUMP_LINK TOKEN_REG TOKEN_COMMA TOKEN_REG TOKEN_COMMA TOKEN_CARDINAL expression •
   67 expression: expression • TOKEN_PLUS expression
   68           | expression • TOKEN_MINUS expression

    TOKEN_PLUS   shift, and go to state 121
    TOKEN_MINUS  shift, and go to state 122

    $default  reduce using rule 50 (jump_stmt)


State 178

   54 load_stmt: TOKEN_LOAD_INDEXED TOKEN_REG TOKEN_COMMA TOKEN_REG TOKEN_COMMA TOKEN_CARDINAL expression •
   67 expression: expression • TOKEN_PLUS expression
   68           | expression • TOKEN_MINUS expression

    TOKEN_PLUS   shift, and go to state 121
    TOKEN_MINUS  shift, and go to state 122

    $default  reduce using rule 54 (load_stmt)


State 179

   56 store_stmt: TOKEN_STORE_INDEXED TOKEN_REG TOKEN_COMMA TOKEN_REG TOKEN_COMMA TOKEN_CARDINAL expression •
   67 expression: expression • TOKEN_PLUS expression
   68           | expression • TOKEN_MINUS expression

    TOKEN_PLUS   shift, and go to state 121
    TOKEN_MINUS  shift, and go to state 122

    $default  reduce using rule 56 (store_stmt)
